<?xml version="1.0" encoding="UTF-8"?>
<!-- Generated by org.testng.reporters.JUnitReportReporter -->
<testsuite hostname="MayankSharma28" failures="0" tests="1" name="driverFactory.AppTest" time="55.133" errors="0" timestamp="2024-02-10T12:17:35 IST" skipped="0">
  <testcase classname="driverFactory.AppTest" name="startTest" time="55.133">
    <system-out>
      <![CDATA[No of Rows::10
Valid username and password
Incorrect user ID or passwordInvalid username or password
Valid username and password
Incorrect user ID or passwordInvalid username or password
Valid username and password
Incorrect user ID or passwordInvalid username or password
Incorrect user ID or passwordInvalid username or password
Valid username and password
Valid username and password
Valid username and password]]>
    </system-out>
  </testcase> <!-- startTest -->
  <system-out>
    <![CDATA[No of Rows::10
Valid username and password
Incorrect user ID or passwordInvalid username or password
Valid username and password
Incorrect user ID or passwordInvalid username or password
Valid username and password
Incorrect user ID or passwordInvalid username or password
Incorrect user ID or passwordInvalid username or password
Valid username and password
Valid username and password
Valid username and password]]>
  </system-out>
</testsuite> <!-- driverFactory.AppTest -->
